
Сообщение №1 в лог-файл
Произошла ошибка 512
 Сообщение об ошибке: Не могу поделить на ноль
Сообщение №1 в лог-файл
Произошла ошибка 512
 Сообщение об ошибке: Не могу поделить на ноль
Сообщение №1 в лог-файл
Произошла ошибка 512
 Сообщение об ошибке: Не могу поделить на ноль
Сообщение №1 в лог-файл
Произошла ошибка 512
 Сообщение об ошибке: Не могу поделить на ноль
Сообщение №1 в лог-файл
Произошла ошибка 512
 Сообщение об ошибке: Не могу поделить на ноль
Сообщение №1 в лог-файл
Произошла ошибка 512
 Сообщение об ошибке: Не могу поделить на ноль
Сообщение №1 в лог-файл
Произошла ошибка 512
 Сообщение об ошибке: Не могу поделить на ноль
Сообщение №1 в лог-файл
Произошла ошибка 512
 Сообщение об ошибке: Не могу поделить на ноль
Сообщение №1 в лог-файл
Произошла ошибка 512
 Сообщение об ошибке: Не могу поделить на ноль
Сообщение №1 в лог-файл
Произошла ошибка 512
 Сообщение об ошибке: Не могу поделить на ноль
Сообщение №1 в лог-файл
Произошла ошибка 512
 Сообщение об ошибке: Не могу поделить на ноль
Сообщение №1 в лог-файл
Произошла ошибка 512
 Сообщение об ошибке: Не могу поделить на ноль
Сообщение №1 в лог-файл
Произошла ошибка 512
 Сообщение об ошибке: Не могу поделить на ноль
Сообщение №1 в лог-файл
Произошла ошибка 512
 Сообщение об ошибке: Не могу поделить на ноль
Сообщение №1 в лог-файл
Произошла ошибка 512
 Сообщение об ошибке: Не могу поделить на ноль
Сообщение №1 в лог-файл
Произошла ошибка 512
 Сообщение об ошибке: Не могу поделить на ноль
Сообщение №1 в лог-файл
Произошла ошибка 512
 Сообщение об ошибке: Не могу поделить на ноль
Сообщение №1 в лог-файл
Произошла ошибка 512
 Сообщение об ошибке: Не могу поделить на ноль
Сообщение №1 в лог-файл
Произошла ошибка 512
 Сообщение об ошибке: Не могу поделить на ноль
Сообщение №1 в лог-файл
Произошла ошибка 512
 Сообщение об ошибке: Не могу поделить на ноль
Сообщение №1 в лог-файл
Произошла ошибка 512
 Сообщение об ошибке: Не могу поделить на ноль
Сообщение №1 в лог-файл
Произошла ошибка 512
 Сообщение об ошибке: Не могу поделить на ноль
Сообщение №1 в лог-файл
Произошла ошибка 512
 Сообщение об ошибке: Не могу поделить на ноль
Сообщение №1 в лог-файл
Произошла ошибка 512
 Сообщение об ошибке: Не могу поделить на ноль
Сообщение №1 в лог-файл
Произошла ошибка 512
 Сообщение об ошибке: Не могу поделить на ноль
Сообщение №1 в лог-файл
Произошла ошибка 512
 Сообщение об ошибке: Не могу поделить на ноль
Сообщение №1 в лог-файл
Произошла ошибка 512
 Сообщение об ошибке: Не могу поделить на ноль
Сообщение №1 в лог-файл
Произошла ошибка 512
 Сообщение об ошибке: Не могу поделить на ноль
Сообщение №1 в лог-файл
Произошла ошибка 512
 Сообщение об ошибке: Не могу поделить на ноль
Сообщение №1 в лог-файл
Произошла ошибка 512
 Сообщение об ошибке: Не могу поделить на ноль
Сообщение №1 в лог-файл
Произошла ошибка 512
 Сообщение об ошибке: Не могу поделить на ноль
Сообщение №1 в лог-файл
Произошла ошибка 512
 Сообщение об ошибке: Не могу поделить на ноль
Сообщение №1 в лог-файл
Произошла ошибка 512
 Сообщение об ошибке: Не могу поделить на нольПроизошла ошибка 2
 Сообщение об ошибке: strpos() expects at least 2 parameters, 0 given